[debug] [2022-11-22T10:21:52.990Z] ----------------------------------------------------------------------
[debug] [2022-11-22T10:21:52.991Z] Command:       /usr/local/bin/node /usr/local/bin/firebase deploy --only hosting
[debug] [2022-11-22T10:21:52.991Z] CLI Version:   11.16.1
[debug] [2022-11-22T10:21:52.991Z] Platform:      darwin
[debug] [2022-11-22T10:21:52.992Z] Node Version:  v16.15.1
[debug] [2022-11-22T10:21:52.995Z] Time:          Tue Nov 22 2022 19:21:52 GMT+0900 (대한민국 표준시)
[debug] [2022-11-22T10:21:52.996Z] ----------------------------------------------------------------------
[debug] 
[debug] [2022-11-22T10:21:53.038Z] > command requires scopes: ["email","openid","https://www.googleapis.com/auth/cloudplatformprojects.readonly","https://www.googleapis.com/auth/firebase","https://www.googleapis.com/auth/cloud-platform"]
[debug] [2022-11-22T10:21:53.038Z] > authorizing via signed-in user (by.tg8707@gmail.com)
[debug] [2022-11-22T10:21:53.039Z] [iam] checking project portfolio-e3641 for permissions ["firebase.projects.get","firebasehosting.sites.update"]
[debug] [2022-11-22T10:21:53.041Z] >>> [apiv2][query] POST https://cloudresourcemanager.googleapis.com/v1/projects/portfolio-e3641:testIamPermissions [none]
[debug] [2022-11-22T10:21:53.041Z] >>> [apiv2][(partial)header] POST https://cloudresourcemanager.googleapis.com/v1/projects/portfolio-e3641:testIamPermissions x-goog-quota-user=projects/portfolio-e3641
[debug] [2022-11-22T10:21:53.041Z] >>> [apiv2][body] POST https://cloudresourcemanager.googleapis.com/v1/projects/portfolio-e3641:testIamPermissions {"permissions":["firebase.projects.get","firebasehosting.sites.update"]}
[debug] [2022-11-22T10:21:54.008Z] <<< [apiv2][status] POST https://cloudresourcemanager.googleapis.com/v1/projects/portfolio-e3641:testIamPermissions 200
[debug] [2022-11-22T10:21:54.009Z] <<< [apiv2][body] POST https://cloudresourcemanager.googleapis.com/v1/projects/portfolio-e3641:testIamPermissions {"permissions":["firebase.projects.get","firebasehosting.sites.update"]}
[debug] [2022-11-22T10:21:54.010Z] >>> [apiv2][query] GET https://firebase.googleapis.com/v1beta1/projects/portfolio-e3641 [none]
[debug] [2022-11-22T10:21:54.509Z] <<< [apiv2][status] GET https://firebase.googleapis.com/v1beta1/projects/portfolio-e3641 200
[debug] [2022-11-22T10:21:54.509Z] <<< [apiv2][body] GET https://firebase.googleapis.com/v1beta1/projects/portfolio-e3641 {"projectId":"portfolio-e3641","projectNumber":"131602198232","displayName":"Portfolio","name":"projects/portfolio-e3641","resources":{"hostingSite":"portfolio-e3641"},"state":"ACTIVE","etag":"1_4bb77424-e502-46a3-9688-07c58dd67d48"}
[debug] [2022-11-22T10:21:55.946Z] >>> [apiv2][query] GET https://firebasehosting.googleapis.com/v1beta1/projects/portfolio-e3641/sites pageToken=&pageSize=10
